[2016-10-27 14:27:56,133][INFO ][node                     ] [Maha Yogi] stopping ...
[2016-10-27 14:27:56,266][INFO ][node                     ] [Maha Yogi] stopped
[2016-10-27 14:27:56,266][INFO ][node                     ] [Maha Yogi] closing ...
[2016-10-27 14:27:56,290][INFO ][node                     ] [Maha Yogi] closed
[2016-10-27 14:50:39,603][INFO ][node                     ] [Mimir] version[2.4.1], pid[49193], build[c67dc32/2016-09-27T18:57:55Z]
[2016-10-27 14:50:39,606][INFO ][node                     ] [Mimir] initializing ...
[2016-10-27 14:50:41,500][INFO ][plugins                  ] [Mimir] modules [reindex, lang-expression, lang-groovy], plugins [], sites []
[2016-10-27 14:50:41,635][INFO ][env                      ] [Mimir] using [1] data paths, mounts [[/ (/dev/disk1)]], net usable_space [21.9gb], net total_space [111.8gb], spins? [unknown], types [hfs]
[2016-10-27 14:50:41,635][INFO ][env                      ] [Mimir] heap size [990.7mb], compressed ordinary object pointers [true]
[2016-10-27 14:50:41,637][WARN ][env                      ] [Mimir] max file descriptors [10240] for elasticsearch process likely too low, consider increasing to at least [65536]
[2016-10-27 14:53:20,917][INFO ][node                     ] [Cassiopea] version[2.4.1], pid[49413], build[c67dc32/2016-09-27T18:57:55Z]
[2016-10-27 14:53:20,920][INFO ][node                     ] [Cassiopea] initializing ...
[2016-10-27 14:53:22,515][INFO ][plugins                  ] [Cassiopea] modules [reindex, lang-expression, lang-groovy], plugins [], sites []
[2016-10-27 14:53:22,601][INFO ][env                      ] [Cassiopea] using [1] data paths, mounts [[/ (/dev/disk1)]], net usable_space [21.9gb], net total_space [111.8gb], spins? [unknown], types [hfs]
[2016-10-27 14:53:22,602][INFO ][env                      ] [Cassiopea] heap size [990.7mb], compressed ordinary object pointers [true]
[2016-10-27 14:53:22,603][WARN ][env                      ] [Cassiopea] max file descriptors [10240] for elasticsearch process likely too low, consider increasing to at least [65536]
[2016-10-27 14:53:29,107][INFO ][node                     ] [Cassiopea] initialized
[2016-10-27 14:53:29,107][INFO ][node                     ] [Cassiopea] starting ...
[2016-10-27 14:53:29,390][INFO ][transport                ] [Cassiopea] publish_address {127.0.0.1:9300}, bound_addresses {[fe80::1]:9300}, {[::1]:9300}, {127.0.0.1:9300}
[2016-10-27 14:53:29,408][INFO ][discovery                ] [Cassiopea] elasticsearch/rP0HOJj0Q_yeEvQFIUf-dA
[2016-10-27 14:53:32,471][INFO ][cluster.service          ] [Cassiopea] new_master {Cassiopea}{rP0HOJj0Q_yeEvQFIUf-dA}{127.0.0.1}{127.0.0.1:9300}, reason: zen-disco-join(elected_as_master, [0] joins received)
[2016-10-27 14:53:32,502][INFO ][http                     ] [Cassiopea] publish_address {127.0.0.1:9200}, bound_addresses {[fe80::1]:9200}, {[::1]:9200}, {127.0.0.1:9200}
[2016-10-27 14:53:32,502][INFO ][node                     ] [Cassiopea] started
[2016-10-27 14:53:32,552][INFO ][gateway                  ] [Cassiopea] recovered [0] indices into cluster_state
[2016-10-27 14:53:43,464][INFO ][cluster.metadata         ] [Cassiopea] [tweets] creating index, cause [auto(index api)], templates [], shards [5]/[1], mappings []
[2016-10-27 14:53:44,060][INFO ][cluster.routing.allocation] [Cassiopea] Cluster health status changed from [RED] to [YELLOW] (reason: [shards started [[tweets][4]] ...]).
[2016-10-27 14:53:44,230][INFO ][cluster.metadata         ] [Cassiopea] [tweets] create_mapping [tweet]
[2016-10-27 14:57:40,700][INFO ][node                     ] [Cassiopea] stopping ...
[2016-10-27 14:57:40,889][INFO ][node                     ] [Cassiopea] stopped
[2016-10-27 14:57:40,889][INFO ][node                     ] [Cassiopea] closing ...
[2016-10-27 14:57:40,903][INFO ][node                     ] [Cassiopea] closed
